{"C:\\Projects\\Handlebars\\Project2\\index.js":{"path":"C:\\Projects\\Handlebars\\Project2\\index.js","s":{"1":1,"2":1,"3":1,"4":1,"5":1,"6":1,"7":1,"8":0,"9":0,"10":0,"11":0,"12":1,"13":1,"14":1,"15":1,"16":1,"17":1,"18":3,"19":1,"20":1},"b":{"1":[1,1],"2":[0,0]},"f":{"1":0},"fnMap":{"1":{"name":"(anonymous_1)","line":13,"loc":{"start":{"line":13,"column":46},"end":{"line":13,"column":69}},"skip":true}},"statementMap":{"1":{"start":{"line":1,"column":0},"end":{"line":1,"column":34}},"2":{"start":{"line":2,"column":0},"end":{"line":2,"column":41}},"3":{"start":{"line":3,"column":0},"end":{"line":3,"column":44}},"4":{"start":{"line":4,"column":0},"end":{"line":4,"column":28}},"5":{"start":{"line":5,"column":0},"end":{"line":5,"column":37}},"6":{"start":{"line":6,"column":0},"end":{"line":6,"column":21}},"7":{"start":{"line":9,"column":0},"end":{"line":19,"column":3}},"8":{"start":{"line":14,"column":12},"end":{"line":14,"column":51},"skip":true},"9":{"start":{"line":14,"column":32},"end":{"line":14,"column":51},"skip":true},"10":{"start":{"line":15,"column":12},"end":{"line":15,"column":51},"skip":true},"11":{"start":{"line":16,"column":12},"end":{"line":16,"column":23},"skip":true},"12":{"start":{"line":21,"column":0},"end":{"line":21,"column":29}},"13":{"start":{"line":22,"column":0},"end":{"line":22,"column":51}},"14":{"start":{"line":25,"column":0},"end":{"line":25,"column":50}},"15":{"start":{"line":26,"column":0},"end":{"line":26,"column":26}},"16":{"start":{"line":28,"column":0},"end":{"line":28,"column":71}},"17":{"start":{"line":30,"column":0},"end":{"line":34,"column":2}},"18":{"start":{"line":31,"column":4},"end":{"line":33,"column":6}},"19":{"start":{"line":36,"column":0},"end":{"line":36,"column":16}},"20":{"start":{"line":38,"column":0},"end":{"line":38,"column":20}}},"branchMap":{"1":{"line":5,"type":"binary-expr","locations":[{"start":{"line":5,"column":13},"end":{"line":5,"column":29}},{"start":{"line":5,"column":33},"end":{"line":5,"column":37}}]},"2":{"line":14,"type":"if","locations":[{"start":{"line":14,"column":12},"end":{"line":14,"column":12},"skip":true},{"start":{"line":14,"column":12},"end":{"line":14,"column":12},"skip":true}]}}}}