{"C:\\Projects\\Handlebars\\Project2\\index.js":{"path":"C:\\Projects\\Handlebars\\Project2\\index.js","s":{"1":1,"2":1,"3":1,"4":1,"5":1,"6":1,"7":1,"8":1,"9":0,"10":0,"11":0,"12":0,"13":1,"14":1,"15":1,"16":1,"17":1,"18":1,"19":1,"20":1,"21":0,"22":0,"23":1},"b":{"1":[1,1],"2":[0,0]},"f":{"1":0,"2":0},"fnMap":{"1":{"name":"(anonymous_1)","line":14,"loc":{"start":{"line":14,"column":46},"end":{"line":14,"column":69}},"skip":true},"2":{"name":"(anonymous_2)","line":35,"loc":{"start":{"line":35,"column":25},"end":{"line":35,"column":37}}}},"statementMap":{"1":{"start":{"line":1,"column":0},"end":{"line":1,"column":34}},"2":{"start":{"line":2,"column":0},"end":{"line":2,"column":41}},"3":{"start":{"line":3,"column":0},"end":{"line":3,"column":44}},"4":{"start":{"line":4,"column":0},"end":{"line":4,"column":28}},"5":{"start":{"line":5,"column":0},"end":{"line":5,"column":34}},"6":{"start":{"line":6,"column":0},"end":{"line":6,"column":37}},"7":{"start":{"line":7,"column":0},"end":{"line":7,"column":21}},"8":{"start":{"line":10,"column":0},"end":{"line":20,"column":3}},"9":{"start":{"line":15,"column":12},"end":{"line":15,"column":51},"skip":true},"10":{"start":{"line":15,"column":32},"end":{"line":15,"column":51},"skip":true},"11":{"start":{"line":16,"column":12},"end":{"line":16,"column":51},"skip":true},"12":{"start":{"line":17,"column":12},"end":{"line":17,"column":23},"skip":true},"13":{"start":{"line":22,"column":0},"end":{"line":22,"column":29}},"14":{"start":{"line":23,"column":0},"end":{"line":23,"column":51}},"15":{"start":{"line":26,"column":0},"end":{"line":26,"column":50}},"16":{"start":{"line":27,"column":0},"end":{"line":27,"column":26}},"17":{"start":{"line":29,"column":0},"end":{"line":29,"column":71}},"18":{"start":{"line":31,"column":0},"end":{"line":31,"column":64}},"19":{"start":{"line":32,"column":0},"end":{"line":32,"column":21}},"20":{"start":{"line":35,"column":0},"end":{"line":37,"column":2}},"21":{"start":{"line":36,"column":4},"end":{"line":36,"column":78}},"22":{"start":{"line":36,"column":27},"end":{"line":36,"column":77}},"23":{"start":{"line":39,"column":0},"end":{"line":39,"column":20}}},"branchMap":{"1":{"line":6,"type":"binary-expr","locations":[{"start":{"line":6,"column":13},"end":{"line":6,"column":29}},{"start":{"line":6,"column":33},"end":{"line":6,"column":37}}]},"2":{"line":15,"type":"if","locations":[{"start":{"line":15,"column":12},"end":{"line":15,"column":12},"skip":true},{"start":{"line":15,"column":12},"end":{"line":15,"column":12},"skip":true}]}}},"C:\\Projects\\Handlebars\\Project2\\app\\models\\index.js":{"path":"C:\\Projects\\Handlebars\\Project2\\app\\models\\index.js","s":{"1":1,"2":1,"3":1,"4":1,"5":1,"6":1,"7":1,"8":1,"9":0,"10":1,"11":1,"12":3,"13":2,"14":2,"15":1,"16":2,"17":2,"18":0,"19":1,"20":1,"21":1},"b":{"1":[1,1],"2":[0,1],"3":[3,3,2],"4":[0,2]},"f":{},"fnMap":{},"statementMap":{"1":{"start":{"line":3,"column":0},"end":{"line":3,"column":30}},"2":{"start":{"line":4,"column":0},"end":{"line":4,"column":32}},"3":{"start":{"line":5,"column":0},"end":{"line":5,"column":37}},"4":{"start":{"line":6,"column":0},"end":{"line":6,"column":42}},"5":{"start":{"line":7,"column":0},"end":{"line":7,"column":54}},"6":{"start":{"line":8,"column":0},"end":{"line":8,"column":69}},"7":{"start":{"line":9,"column":0},"end":{"line":9,"column":19}},"8":{"start":{"line":11,"column":0},"end":{"line":15,"column":1}},"9":{"start":{"line":12,"column":2},"end":{"line":12,"column":78}},"10":{"start":{"line":14,"column":2},"end":{"line":14,"column":91}},"11":{"start":{"line":17,"column":0},"end":{"line":25,"column":5}},"12":{"start":{"line":20,"column":4},"end":{"line":20,"column":90}},"13":{"start":{"line":23,"column":4},"end":{"line":23,"column":64}},"14":{"start":{"line":24,"column":4},"end":{"line":24,"column":27}},"15":{"start":{"line":27,"column":0},"end":{"line":32,"column":3}},"16":{"start":{"line":28,"column":2},"end":{"line":28,"column":24}},"17":{"start":{"line":29,"column":2},"end":{"line":31,"column":3}},"18":{"start":{"line":30,"column":4},"end":{"line":30,"column":32}},"19":{"start":{"line":34,"column":0},"end":{"line":34,"column":25}},"20":{"start":{"line":35,"column":0},"end":{"line":35,"column":25}},"21":{"start":{"line":37,"column":0},"end":{"line":37,"column":20}}},"branchMap":{"1":{"line":7,"type":"binary-expr","locations":[{"start":{"line":7,"column":16},"end":{"line":7,"column":36}},{"start":{"line":7,"column":40},"end":{"line":7,"column":53}}]},"2":{"line":11,"type":"if","locations":[{"start":{"line":11,"column":0},"end":{"line":11,"column":0}},{"start":{"line":11,"column":0},"end":{"line":11,"column":0}}]},"3":{"line":20,"type":"binary-expr","locations":[{"start":{"line":20,"column":12},"end":{"line":20,"column":35}},{"start":{"line":20,"column":41},"end":{"line":20,"column":58}},{"start":{"line":20,"column":64},"end":{"line":20,"column":88}}]},"4":{"line":29,"type":"if","locations":[{"start":{"line":29,"column":2},"end":{"line":29,"column":2}},{"start":{"line":29,"column":2},"end":{"line":29,"column":2}}]}}},"C:\\Projects\\Handlebars\\Project2\\app\\models\\hosts.js":{"path":"C:\\Projects\\Handlebars\\Project2\\app\\models\\hosts.js","s":{"1":1,"2":1,"3":1},"b":{},"f":{"1":1},"fnMap":{"1":{"name":"(anonymous_1)","line":1,"loc":{"start":{"line":1,"column":17},"end":{"line":1,"column":48}}}},"statementMap":{"1":{"start":{"line":1,"column":0},"end":{"line":17,"column":1}},"2":{"start":{"line":2,"column":4},"end":{"line":14,"column":6}},"3":{"start":{"line":16,"column":4},"end":{"line":16,"column":16}}},"branchMap":{}},"C:\\Projects\\Handlebars\\Project2\\app\\models\\victims.js":{"path":"C:\\Projects\\Handlebars\\Project2\\app\\models\\victims.js","s":{"1":1,"2":1,"3":1},"b":{},"f":{"1":1},"fnMap":{"1":{"name":"(anonymous_1)","line":1,"loc":{"start":{"line":1,"column":17},"end":{"line":1,"column":48}}}},"statementMap":{"1":{"start":{"line":1,"column":0},"end":{"line":17,"column":1}},"2":{"start":{"line":2,"column":4},"end":{"line":14,"column":6}},"3":{"start":{"line":16,"column":4},"end":{"line":16,"column":18}}},"branchMap":{}},"C:\\Projects\\Handlebars\\Project2\\app\\controllers\\VictimController.js":{"path":"C:\\Projects\\Handlebars\\Project2\\app\\controllers\\VictimController.js","s":{"1":1,"2":1,"3":1,"4":1,"5":1,"6":0,"7":0,"8":1,"9":0,"10":0,"11":0,"12":1,"13":0,"14":0,"15":0,"16":0,"17":1,"18":0,"19":0,"20":0,"21":1},"b":{},"f":{"1":0},"fnMap":{"1":{"name":"(anonymous_1)","line":8,"loc":{"start":{"line":8,"column":10},"end":{"line":8,"column":25}}}},"statementMap":{"1":{"start":{"line":1,"column":0},"end":{"line":1,"column":34}},"2":{"start":{"line":2,"column":0},"end":{"line":2,"column":31}},"3":{"start":{"line":3,"column":0},"end":{"line":3,"column":29}},"4":{"start":{"line":4,"column":0},"end":{"line":4,"column":24}},"5":{"start":{"line":6,"column":0},"end":{"line":11,"column":2}},"6":{"start":{"line":7,"column":4},"end":{"line":10,"column":6}},"7":{"start":{"line":9,"column":8},"end":{"line":9,"column":21}},"8":{"start":{"line":13,"column":0},"end":{"line":18,"column":2}},"9":{"start":{"line":14,"column":4},"end":{"line":14,"column":28}},"10":{"start":{"line":16,"column":4},"end":{"line":16,"column":27}},"11":{"start":{"line":17,"column":4},"end":{"line":17,"column":28}},"12":{"start":{"line":20,"column":0},"end":{"line":31,"column":2}},"13":{"start":{"line":22,"column":4},"end":{"line":22,"column":26}},"14":{"start":{"line":23,"column":4},"end":{"line":23,"column":26}},"15":{"start":{"line":25,"column":4},"end":{"line":29,"column":6}},"16":{"start":{"line":30,"column":4},"end":{"line":30,"column":28}},"17":{"start":{"line":33,"column":0},"end":{"line":42,"column":2}},"18":{"start":{"line":34,"column":4},"end":{"line":34,"column":26}},"19":{"start":{"line":35,"column":4},"end":{"line":39,"column":6}},"20":{"start":{"line":41,"column":4},"end":{"line":41,"column":28}},"21":{"start":{"line":45,"column":0},"end":{"line":45,"column":23}}},"branchMap":{}}}