TN:
SF:C:\Projects\Handlebars\Project2\app\models\index.js
FNF:0
FNH:0
DA:3,1
DA:4,1
DA:5,1
DA:6,1
DA:7,1
DA:8,1
DA:9,1
DA:11,1
DA:12,0
DA:14,1
DA:17,1
DA:20,3
DA:23,2
DA:24,2
DA:27,1
DA:28,2
DA:29,2
DA:30,0
DA:34,1
DA:35,1
DA:38,1
LF:21
LH:19
BRDA:7,1,0,1
BRDA:7,1,1,1
BRDA:11,2,0,0
BRDA:11,2,1,1
BRDA:20,3,0,3
BRDA:20,3,1,3
BRDA:20,3,2,2
BRDA:29,4,0,0
BRDA:29,4,1,2
BRF:9
BRH:7
end_of_record
TN:
SF:C:\Projects\Handlebars\Project2\app\models\hosts.js
FN:1,(anonymous_1)
FNF:1
FNH:1
FNDA:1,(anonymous_1)
DA:1,1
DA:2,1
DA:16,1
LF:3
LH:3
BRF:0
BRH:0
end_of_record
TN:
SF:C:\Projects\Handlebars\Project2\app\models\victims.js
FN:1,(anonymous_1)
FNF:1
FNH:1
FNDA:1,(anonymous_1)
DA:1,1
DA:2,1
DA:16,1
LF:3
LH:3
BRF:0
BRH:0
end_of_record
TN:
SF:C:\Projects\Handlebars\Project2\index.js
FN:15,(anonymous_1)
FN:41,(anonymous_2)
FN:47,(anonymous_3)
FNF:3
FNH:2
FNDA:0,(anonymous_1)
FNDA:3,(anonymous_2)
FNDA:0,(anonymous_3)
DA:1,1
DA:2,1
DA:3,1
DA:4,1
DA:5,1
DA:6,1
DA:7,1
DA:8,1
DA:11,1
DA:16,1
DA:17,1
DA:18,1
DA:24,1
DA:25,1
DA:28,1
DA:29,1
DA:31,1
DA:33,1
DA:34,1
DA:35,1
DA:37,1
DA:38,1
DA:39,1
DA:41,1
DA:42,3
DA:47,1
DA:48,0
DA:53,1
DA:54,0
DA:59,1
DA:60,0
DA:65,1
DA:66,0
DA:71,1
DA:72,0
DA:78,1
DA:80,1
LF:37
LH:32
BRDA:6,1,0,1
BRDA:6,1,1,1
BRDA:16,2,0,0
BRDA:16,2,1,0
BRF:4
BRH:4
end_of_record
TN:
SF:C:\Projects\Handlebars\Project2\app\controllers\VictimController.js
FN:9,(anonymous_1)
FNF:1
FNH:0
FNDA:0,(anonymous_1)
DA:1,1
DA:2,1
DA:3,1
DA:4,1
DA:5,1
DA:7,1
DA:8,0
DA:10,0
DA:14,1
DA:15,0
DA:17,0
DA:18,0
DA:21,1
DA:23,0
DA:24,0
DA:26,0
DA:31,0
DA:34,1
DA:35,0
DA:36,0
DA:42,0
DA:46,1
LF:22
LH:10
BRF:0
BRH:0
end_of_record
TN:
SF:C:\Projects\Handlebars\Project2\app\config\keys.js
FNF:0
FNH:0
DA:1,1
DA:3,1
DA:10,1
LF:3
LH:3
BRF:0
BRH:0
end_of_record
TN:
SF:C:\Projects\Handlebars\Project2\app\controllers\hostController.js
FN:8,(anonymous_1)
FNF:1
FNH:0
FNDA:0,(anonymous_1)
DA:1,1
DA:2,1
DA:3,1
DA:4,1
DA:6,1
DA:7,0
DA:9,0
DA:13,1
DA:14,0
DA:16,0
DA:17,0
DA:20,1
DA:22,0
DA:23,0
DA:25,0
DA:30,0
DA:33,1
DA:34,0
DA:35,0
DA:41,0
DA:45,1
LF:21
LH:9
BRF:0
BRH:0
end_of_record
TN:
SF:C:\Projects\Handlebars\Project2\app\controllers\EmailController.js
FN:33,(anonymous_1)
FNF:1
FNH:0
FNDA:0,(anonymous_1)
DA:1,1
DA:2,1
DA:3,1
DA:4,1
DA:5,1
DA:6,1
DA:8,1
DA:17,1
DA:18,0
DA:20,0
DA:24,0
DA:34,0
DA:35,0
DA:38,0
DA:42,0
DA:45,1
LF:16
LH:9
BRDA:34,1,0,0
BRDA:34,1,1,0
BRF:2
BRH:0
end_of_record
