TN:
SF:C:\Projects\Handlebars\Project2\app\models\index.js
FNF:0
FNH:0
DA:3,1
DA:4,1
DA:5,1
DA:6,1
DA:7,1
DA:8,1
DA:10,1
DA:11,0
DA:13,1
DA:16,1
DA:18,1
DA:19,0
DA:21,1
DA:24,1
DA:27,3
DA:30,2
DA:31,2
DA:34,1
DA:35,2
DA:36,2
DA:37,0
DA:41,1
DA:42,1
DA:45,1
LF:24
LH:21
BRDA:7,1,0,1
BRDA:7,1,1,1
BRDA:10,2,0,0
BRDA:10,2,1,1
BRDA:18,3,0,0
BRDA:18,3,1,1
BRDA:27,4,0,3
BRDA:27,4,1,3
BRDA:27,4,2,2
BRDA:36,5,0,0
BRDA:36,5,1,2
BRF:11
BRH:8
end_of_record
TN:
SF:C:\Projects\Handlebars\Project2\app\models\hosts.js
FN:1,(anonymous_1)
FNF:1
FNH:1
FNDA:1,(anonymous_1)
DA:1,1
DA:2,1
DA:16,1
LF:3
LH:3
BRF:0
BRH:0
end_of_record
TN:
SF:C:\Projects\Handlebars\Project2\app\models\victims.js
FN:1,(anonymous_1)
FNF:1
FNH:1
FNDA:1,(anonymous_1)
DA:1,1
DA:2,1
DA:16,1
LF:3
LH:3
BRF:0
BRH:0
end_of_record
TN:
SF:C:\Projects\Handlebars\Project2\index.js
FN:15,(anonymous_1)
FN:43,(anonymous_2)
FN:49,(anonymous_3)
FN:55,(anonymous_4)
FNF:4
FNH:2
FNDA:0,(anonymous_1)
FNDA:3,(anonymous_2)
FNDA:0,(anonymous_3)
FNDA:0,(anonymous_4)
DA:1,1
DA:2,1
DA:3,1
DA:4,1
DA:5,1
DA:6,1
DA:7,1
DA:8,1
DA:11,1
DA:16,1
DA:17,1
DA:18,1
DA:24,1
DA:25,1
DA:28,1
DA:29,1
DA:31,1
DA:33,1
DA:34,1
DA:35,1
DA:36,1
DA:38,1
DA:39,1
DA:40,1
DA:41,1
DA:43,1
DA:44,3
DA:49,1
DA:50,0
DA:55,1
DA:56,0
DA:61,1
DA:62,0
DA:67,1
DA:68,0
DA:73,1
DA:75,1
LF:37
LH:33
BRDA:6,1,0,1
BRDA:6,1,1,1
BRDA:16,2,0,0
BRDA:16,2,1,0
BRF:4
BRH:4
end_of_record
TN:
SF:C:\Projects\Handlebars\Project2\app\config\keys.js
FNF:0
FNH:0
DA:1,1
DA:3,1
DA:10,1
LF:3
LH:3
BRF:0
BRH:0
end_of_record
TN:
SF:C:\Projects\Handlebars\Project2\app\controllers\EmailController.js
FN:33,(anonymous_1)
FNF:1
FNH:0
FNDA:0,(anonymous_1)
DA:1,1
DA:2,1
DA:3,1
DA:4,1
DA:5,1
DA:6,1
DA:8,1
DA:17,1
DA:18,0
DA:20,0
DA:24,0
DA:34,0
DA:35,0
DA:38,0
DA:42,0
DA:45,1
LF:16
LH:9
BRDA:34,1,0,0
BRDA:34,1,1,0
BRF:2
BRH:0
end_of_record
